<?xml version="1.0" encoding="UTF-8"?>
<testng-results ignored="0" total="1" passed="1" failed="0" skipped="0">
  <reporter-output>
    <line>
      <![CDATA[openBrowser]]>
    </line>
    <line>
      <![CDATA[login]]>
    </line>
    <line>
      <![CDATA[Create Customer]]>
    </line>
    <line>
      <![CDATA[logOut]]>
    </line>
    <line>
      <![CDATA[closeBrowser]]>
    </line>
  </reporter-output>
  <suite started-at="2023-05-29T14:23:43 IST" name="Default suite" finished-at="2023-05-29T14:24:40 IST" duration-ms="56067">
    <groups>
    </groups>
    <test started-at="2023-05-29T14:23:43 IST" name="Default test" finished-at="2023-05-29T14:24:40 IST" duration-ms="56067">
      <class name="Actitime.src.com.actitime.testscript.CustomerModule">
        <test-method is-config="true" signature="openBrowser()[pri:0, instance:Actitime.src.com.actitime.testscript.CustomerModule@47eaca72]" started-at="2023-05-29T14:23:43 IST" name="openBrowser" finished-at="2023-05-29T14:23:54 IST" duration-ms="10537" status="PASS">
          <reporter-output>
            <line>
              <![CDATA[openBrowser]]>
            </line>
          </reporter-output>
        </test-method> <!-- openBrowser -->
        <test-method is-config="true" signature="login()[pri:0, instance:Actitime.src.com.actitime.testscript.CustomerModule@47eaca72]" started-at="2023-05-29T14:23:54 IST" name="login" finished-at="2023-05-29T14:24:07 IST" duration-ms="12896" status="PASS">
          <reporter-output>
            <line>
              <![CDATA[login]]>
            </line>
          </reporter-output>
        </test-method> <!-- login -->
        <test-method signature="testCreateCustomer()[pri:0, instance:Actitime.src.com.actitime.testscript.CustomerModule@47eaca72]" started-at="2023-05-29T14:24:07 IST" name="testCreateCustomer" finished-at="2023-05-29T14:24:37 IST" duration-ms="30056" status="PASS">
          <reporter-output>
            <line>
              <![CDATA[Create Customer]]>
            </line>
          </reporter-output>
        </test-method> <!-- testCreateCustomer -->
        <test-method is-config="true" signature="logOut()[pri:0, instance:Actitime.src.com.actitime.testscript.CustomerModule@47eaca72]" started-at="2023-05-29T14:24:37 IST" name="logOut" finished-at="2023-05-29T14:24:39 IST" duration-ms="2042" status="PASS">
          <reporter-output>
            <line>
              <![CDATA[logOut]]>
            </line>
          </reporter-output>
        </test-method> <!-- logOut -->
        <test-method is-config="true" signature="closeBrowser()[pri:0, instance:Actitime.src.com.actitime.testscript.CustomerModule@47eaca72]" started-at="2023-05-29T14:24:39 IST" name="closeBrowser" finished-at="2023-05-29T14:24:40 IST" duration-ms="458" status="PASS">
          <reporter-output>
            <line>
              <![CDATA[closeBrowser]]>
            </line>
          </reporter-output>
        </test-method> <!-- closeBrowser -->
      </class> <!-- Actitime.src.com.actitime.testscript.CustomerModule -->
    </test> <!-- Default test -->
  </suite> <!-- Default suite -->
</testng-results>
