<?xml version="1.0" encoding="UTF-8"?>
<!-- Generated by org.testng.reporters.JUnitXMLReporter -->
<testsuite ignored="6" hostname="REVANASIDDESH" failures="0" tests="3" name="Test" time="0.137" errors="0" timestamp="2023-05-27T01:56:12 IST">
  <testcase classname="TestngGroupExecution.ProjectModule" name="ModifyModule" time="0.012"/>
  <testcase classname="TestngGroupExecution.CustomerModule" name="CreatCustomer" time="0.007"/>
  <testcase classname="TestngGroupExecution.TaskModule" name="CreateTask" time="0.005"/>
  <testcase classname="TestngGroupExecution.TaskModule" name="ModifyTask" time="0.0">
    <ignored/>
  </testcase> <!-- ModifyTask -->
  <testcase classname="TestngGroupExecution.CustomerModule" name="DeleteCustomer" time="0.0">
    <ignored/>
  </testcase> <!-- DeleteCustomer -->
  <testcase classname="TestngGroupExecution.ProjectModule" name="creatModule" time="0.0">
    <ignored/>
  </testcase> <!-- creatModule -->
  <testcase classname="TestngGroupExecution.CustomerModule" name="ModifyCustomer" time="0.0">
    <ignored/>
  </testcase> <!-- ModifyCustomer -->
  <testcase classname="TestngGroupExecution.ProjectModule" name="DeleteModule" time="0.0">
    <ignored/>
  </testcase> <!-- DeleteModule -->
  <testcase classname="TestngGroupExecution.TaskModule" name="DeletTask" time="0.0">
    <ignored/>
  </testcase> <!-- DeletTask -->
</testsuite> <!-- Test -->
